[21:02:42] [main/INFO]: Environment: authHost='https://authserver.mojang.com', accountsHost='https://api.mojang.com', sessionHost='https://sessionserver.mojang.com', servicesHost='https://api.minecraftservices.com', name='PROD'
[21:02:42] [main/INFO]: Found new data pack file/bukkit, loading it automatically
[21:02:42] [main/INFO]: Reloading ResourceManager: Default, bukkit
[21:02:43] [Worker-Main-1/INFO]: Loaded 7 recipes
[21:02:45] [Server thread/INFO]: Starting minecraft server version 1.17.1
[21:02:45] [Server thread/INFO]: Loading properties
[21:02:45] [Server thread/INFO]: This server is running Paper version git-Paper-274 (MC: 1.17.1) (Implementing API version 1.17.1-R0.1-SNAPSHOT) (Git: 9460497)
[21:02:45] [Server thread/INFO]: Server Ping Player Sample Count: 12
[21:02:45] [Server thread/INFO]: Using 4 threads for Netty based IO
[21:02:46] [Server thread/INFO]: Default game type: SURVIVAL
[21:02:46] [Server thread/INFO]: Generating keypair
[21:02:46] [Server thread/INFO]: Starting Minecraft server on *:25565
[21:02:46] [Server thread/INFO]: Using epoll channel type
[21:02:46] [Server thread/INFO]: Paper: Using libdeflate (Linux x86_64) compression from Velocity.
[21:02:46] [Server thread/INFO]: Paper: Using OpenSSL 1.1.x (Linux x86_64) cipher from Velocity.
[21:02:47] [Server thread/ERROR]: [STDERR] [org.bukkit.craftbukkit.v1_17_R1.legacy.CraftLegacy] Initializing Legacy Material Support. Unless you have legacy plugins and/or data this is a bug!
[21:02:52] [Server thread/WARN]: Legacy plugin ServerBackup v2.4.0 does not specify an api-version.
[21:02:52] [Server thread/INFO]: [STDOUT] [org.primesoft.asyncworldedit.LoggerProvider$NullLogger] [AsyncWorldEdit] Detected Java 8+, trying to open modules for reflection access...
[21:02:52] [Server thread/INFO]: [AsyncWorldEdit] Injector platform set to: InjectorBukkit
[21:02:52] [Server thread/INFO]: [AsyncWorldEdit] Injecting NMS classes...
[21:02:52] [Server thread/INFO]: [AsyncWorldEdit] Injecting WorldEdit classes...
[21:02:52] [Server thread/WARN]: [WorldEdit] Loaded class org.primesoft.asyncworldedit.injector.injected.util.eventbus.IDispatchableEventBus from AsyncWorldEdit v3.9.1 which is not a depend, softdepend or loadbefore of this plugin.
[21:02:53] [Server thread/INFO]: [AsyncWorldEdit] Injector Enabled
[21:02:53] [Server thread/INFO]: [AsyncWorldEdit] New class factory set to: org.primesoft.asyncworldedit.asyncinjector.async.AsyncClassFactory
[21:02:53] [Server thread/WARN]: Legacy plugin LoginSecurity v3.1 does not specify an api-version.
[21:02:54] [Server thread/WARN]: Legacy plugin ServerListPlus v3.4.8 does not specify an api-version.
[21:02:54] [Server thread/INFO]: [Terra] Loaded addon Terra-Bukkit v1.0.0, by Terra
[21:02:54] [Server thread/INFO]: [LuckPerms] Loading LuckPerms v5.3.61
[21:02:54] [Server thread/INFO]: [ServerBackup] Loading ServerBackup v2.4.0
[21:02:54] [Server thread/INFO]: [Vault] Loading Vault v1.7.3-b131
[21:02:54] [Server thread/INFO]: [GWarp] Loading GWarp v[2.13.0.2]
[21:02:54] [Server thread/INFO]: [ProtocolLib] Loading ProtocolLib v4.7.0
[21:02:55] [Server thread/INFO]: [WorldEdit] Loading WorldEdit v7.2.6+4b2d1e7
[21:02:56] [Server thread/INFO]: Got request to register class com.sk89q.worldedit.bukkit.BukkitServerInterface with WorldEdit [com.sk89q.worldedit.extension.platform.PlatformManager@540a8748]
[21:02:56] [Server thread/INFO]: [AsyncWorldEdit] Loading AsyncWorldEdit v3.9.1
[21:02:56] [Server thread/INFO]: [AsyncWorldEdit] Plugin installed
[21:02:56] [Server thread/INFO]: [Essentials] Loading Essentials v2.19.0
[21:02:56] [Server thread/INFO]: [LoginSecurity] Loading LoginSecurity v3.1
[21:02:56] [Server thread/INFO]: [BKCommonLib] Loading BKCommonLib v1.17.1-v1
[21:02:59] [Server thread/WARN]: [REFLECTION] Requirement was not found in net.minecraft.world.level.entity.EntityTickList:
[21:02:59] [Server thread/WARN]: [REFLECTION] Failed to find field private it.unimi.dsi.fastutil.ints.Int2ObjectMap<Entity> active:a; - Alternatives:
[21:02:59] [Server thread/WARN]: [REFLECTION]   - private final io.papermc.paper.util.maplist.IteratorSafeOrderedReferenceSet<Entity> entities;
[21:02:59] [Server thread/WARN]: [REFLECTION] Requirement was not found in net.minecraft.world.level.entity.EntityTickList:
[21:02:59] [Server thread/WARN]: [REFLECTION] Failed to find field private it.unimi.dsi.fastutil.ints.Int2ObjectMap<Entity> passive:b; - Alternatives:
[21:02:59] [Server thread/WARN]: [REFLECTION]   - private final io.papermc.paper.util.maplist.IteratorSafeOrderedReferenceSet<Entity> entities;
[21:03:03] [Server thread/INFO]: [TAB] Loading TAB v2.9.2
[21:03:03] [Server thread/INFO]: [LightCleaner] Loading LightCleaner v1.17.1-v1
[21:03:03] [Server thread/INFO]: [HolographicDisplays] Loading HolographicDisplays v2.4.9
[21:03:03] [Server thread/INFO]: [ServerListPlus] Loading ServerListPlus v3.4.8
[21:03:03] [Server thread/INFO]: [EssentialsSpawn] Loading EssentialsSpawn v2.19.0
[21:03:03] [Server thread/INFO]: [ChatManager] Loading ChatManager v3.7.4
[21:03:03] [Server thread/INFO]: [WorldGuard] Loading WorldGuard v7.0.5+3827266
[21:03:03] [Server thread/INFO]: [Terra] Loading Terra v5.4.1-BETA+efd1665c
[21:03:03] [Server thread/INFO]: Server permissions file permissions.yml is empty, ignoring it
[21:03:03] [Server thread/INFO]: [LuckPerms] Enabling LuckPerms v5.3.61
[21:03:03] [Server thread/INFO]:         __    
[21:03:03] [Server thread/INFO]:   |    |__)   LuckPerms v5.3.61
[21:03:03] [Server thread/INFO]:   |___ |      Running on Bukkit - Paper
[21:03:03] [Server thread/INFO]: 
[21:03:03] [Server thread/INFO]: [LuckPerms] Loading configuration...
[21:03:03] [Server thread/INFO]: [LuckPerms] Loading storage provider... [H2]
[21:03:04] [Server thread/INFO]: [LuckPerms] Loading internal permission managers...
[21:03:04] [Server thread/INFO]: [LuckPerms] Performing initial data load...
[21:03:04] [Server thread/INFO]: [LuckPerms] Successfully enabled. (took 1488ms)
[21:03:04] [Server thread/INFO]: [Vault] Enabling Vault v1.7.3-b131
[21:03:04] [Server thread/WARN]: [Vault] Loaded class com.earth2me.essentials.api.Economy from Essentials v2.19.0 which is not a depend, softdepend or loadbefore of this plugin.
[21:03:04] [Server thread/INFO]: [Vault] [Economy] Essentials Economy found: Waiting
[21:03:04] [Server thread/INFO]: [Vault] [Permission] SuperPermissions loaded as backup permission system.
[21:03:04] [Server thread/INFO]: [Vault] Enabled Version 1.7.3-b131
[21:03:04] [Server thread/INFO]: [LuckPerms] Registered Vault permission & chat hook.
[21:03:04] [Server thread/INFO]: [ProtocolLib] Enabling ProtocolLib v4.7.0
[21:03:04] [Server thread/INFO]: [ProtocolLib] Started structure compiler thread.
[21:03:04] [Server thread/INFO]: [WorldEdit] Enabling WorldEdit v7.2.6+4b2d1e7
[21:03:04] [Server thread/INFO]: Registering commands with com.sk89q.worldedit.bukkit.BukkitServerInterface
[21:03:04] [Server thread/INFO]: WEPIF: Vault detected! Using Vault for permissions
[21:03:05] [Server thread/INFO]: Using com.sk89q.worldedit.bukkit.adapter.impl.Spigot_v1_17_R1_2 as the Bukkit adapter
[21:03:06] [Server thread/INFO]: [AsyncWorldEdit] Enabling AsyncWorldEdit v3.9.1
[21:03:06] [Server thread/INFO]: [AsyncWorldEdit] Platform set to Bukkit API
[21:03:06] [Server thread/INFO]: [AsyncWorldEdit] ===================================================================================
[21:03:06] [Server thread/INFO]: [AsyncWorldEdit] =     ___                         _       __           __    ________    ___ __   =
[21:03:06] [Server thread/INFO]: [AsyncWorldEdit] =    /   |  _______  ______  ____| |     / /___  _____/ /___/ / ____/___/ (_) /_  =
[21:03:06] [Server thread/INFO]: [AsyncWorldEdit] =   / /| | / ___/ / / / __ \/ ___/ | /| / / __ \/ ___/ / __  / __/ / __  / / __/  =
[21:03:06] [Server thread/INFO]: [AsyncWorldEdit] =  / ___ |(__  ) /_/ / / / / /__ | |/ |/ / /_/ / /  / / /_/ / /___/ /_/ / / /_    =
[21:03:06] [Server thread/INFO]: [AsyncWorldEdit] = /_/  |_/____/\__, /_/ /_/\___/ |__/|__/\____/_/  /_/\__,_/_____/\__,_/_/\__/    =
[21:03:06] [Server thread/INFO]: [AsyncWorldEdit] =             /____/                                                              =
[21:03:06] [Server thread/INFO]: [AsyncWorldEdit] = Author: SBPrime                                                                 =
[21:03:06] [Server thread/INFO]: [AsyncWorldEdit] =                                ________________                                 =
[21:03:06] [Server thread/INFO]: [AsyncWorldEdit] =                            ___/  free version  \___                             =
[21:03:06] [Server thread/INFO]: [AsyncWorldEdit] ===================================================================================
[21:03:06] [Server thread/INFO]: [AsyncWorldEdit] Initializing WorldEdit.
[21:03:06] [AWE:Cron:undoCleanup/INFO]: [AsyncWorldEdit] Undo cleanup started...
[21:03:06] [AWE:Cron:undoCleanup/INFO]: [AsyncWorldEdit] ...undo cleanup done.
[21:03:06] [Server thread/INFO]: [AsyncWorldEdit] No matching adapter found for Bukkit.v1_17_R1, DirectChunkAPI disabled
[21:03:06] [Server thread/INFO]: [AsyncWorldEdit] PlotMeFix set to class org.primesoft.asyncworldedit.plotme.NullFix.
[21:03:06] [Server thread/INFO]: [AsyncWorldEdit] Enabled
[21:03:06] [Server thread/INFO]: [BKCommonLib] Enabling BKCommonLib v1.17.1-v1
[21:03:06] [Server thread/INFO]: [BKCommonLib] BKCommonLib is running on Paperspigot (git-Paper-274) : v1_17_R1 (Minecraft 1.17.1)
[21:03:06] [Server thread/INFO]: [BKCommonLib.Network] [BKCommonLib] [Network] Now using the ProtocolLib library to provide Packet Listener and Monitor support
[21:03:07] [Thread-13/INFO]: [AsyncWorldEdit] You have the latest version of the plugin.
[21:03:08] [Server thread/INFO]: [BKCommonLib] Hosts all the features that are impossible to include in a single Class
[21:03:08] [Server thread/INFO]: [BKCommonLib] BKCommonLib version 1.17.1-v1 (build: 1105) enabled! (1.753s)
[21:03:08] [Server thread/INFO]: [Terra] Enabling Terra v5.4.1-BETA+efd1665c
[21:03:08] [Server thread/INFO]: [Terra] Running on version V1_17
[21:03:08] [Server thread/INFO]: [Terra] Loading config values
[21:03:08] [Server thread/INFO]: [Terra] DebugLogger: false
[21:03:08] [Server thread/INFO]: [Terra] /server/plugins/Terra/lang/en_us.yml
[21:03:08] [Server thread/INFO]: [Terra] Loaded language en_us
[21:03:08] [Server thread/INFO]: [Terra] Loading config pack "SANTOPIA"
[21:03:09] [Server thread/INFO]: [Terra] Loaded config pack "SANTOPIA" v1.0.0 by Sancires in 526.093308ms.
[21:03:09] [Server thread/INFO]: [Terra] Loading config pack "CREATIVELANDS"
[21:03:22] [Server thread/INFO]: [Terra] Loaded config pack "CREATIVELANDS" v1.0.0 by Crysillion in 13081.406154ms.
[21:03:22] [Server thread/INFO]: [Terra] Loading config pack "DEFAULT"
[21:03:24] [Server thread/INFO]: [Terra] Loaded config pack "DEFAULT" v2.0.0 by dfsek in 1566.218223ms.
[21:03:24] [Server thread/INFO]: [Terra] Loading config pack "NETHER"
[21:03:24] [Server thread/INFO]: [Terra] Loaded config pack "NETHER" v2.0.0 by dfsek in 25.218988ms.
[21:03:24] [Server thread/WARN]: **** SERVER IS RUNNING IN OFFLINE/INSECURE MODE!
[21:03:24] [Server thread/WARN]: The server will make no attempt to authenticate usernames. Beware.
[21:03:24] [Server thread/WARN]: While this makes the game possible to play without internet access, it also opens up the ability for hackers to connect with any username they choose.
[21:03:24] [Server thread/WARN]: To change this, set "online-mode" to "true" in the server.properties file.
[21:03:24] [Server thread/INFO]: Preparing level "BMSTUCraft"
[21:03:30] [Server thread/WARN]: Unable to find spawn biome
[21:03:31] [Server thread/WARN]: Unable to find spawn biome
[21:03:31] [Server thread/INFO]: Preparing start region for dimension minecraft:overworld
[21:03:31] [Worker-Main-2/INFO]: Preparing spawn area: 0%
[21:03:32] [Worker-Main-1/INFO]: Preparing spawn area: 0%
[21:03:32] [Server thread/INFO]: Time elapsed: 948 ms
[21:03:32] [Server thread/INFO]: Preparing start region for dimension minecraft:the_nether
[21:03:33] [Worker-Main-2/INFO]: Preparing spawn area: 0%
[21:03:33] [Worker-Main-2/INFO]: Preparing spawn area: 0%
[21:03:33] [Server thread/INFO]: Time elapsed: 915 ms
[21:03:33] [Server thread/INFO]: Preparing start region for dimension minecraft:the_end
[21:03:34] [Server thread/INFO]: Time elapsed: 370 ms
[21:03:34] [Server thread/INFO]: [ServerBackup] Enabling ServerBackup v2.4.0*
[21:03:34] [Server thread/INFO]: [ServerBackup] [STDOUT] ServerBackup: Plugin enabled.
[21:03:34] [Server thread/WARN]: Nag author(s): '[Seblii]' of 'ServerBackup' about their usage of System.out/err.print. Please use your plugin's logger instead (JavaPlugin#getLogger).
[21:03:34] [Server thread/INFO]: [ServerBackup] ServerBackup: Searching for updates...
[21:03:34] [Server thread/INFO]: [GWarp] Enabling GWarp v[2.13.0.2]
[21:03:34] [Server thread/INFO]: [GWarp] The Plugin was successfully enabled.
[21:03:34] [Server thread/INFO]: [Essentials] Enabling Essentials v2.19.0
[21:03:34] [Server thread/INFO]: [Essentials] Attempting to convert old kits in config.yml to new kits.yml
[21:03:34] [Server thread/INFO]: [Essentials] No kits found to migrate.
[21:03:35] [Server thread/INFO]: [Essentials] Loaded 36837 items from items.json.
[21:03:35] [Server thread/INFO]: [Essentials] Using locale en_US
[21:03:35] [Server thread/INFO]: [Essentials] ServerListPingEvent: Spigot iterator API
[21:03:35] [Server thread/INFO]: [Essentials] Starting Metrics. Opt-out using the global bStats config.
[21:03:35] [Server thread/INFO]: [Vault] [Economy] Essentials Economy hooked.
[21:03:35] [Server thread/INFO]: [Essentials] Using Vault based permissions (LuckPerms)
[21:03:35] [Server thread/INFO]: [LoginSecurity] Enabling LoginSecurity v3.1*
[21:03:35] [Server thread/INFO]: [LoginSecurity] Loading base translations from "en_us"
[21:03:35] [Server thread/INFO]: [LoginSecurity] Loading specified translations from "en_us"
[21:03:35] [Server thread/INFO]: [LoginSecurity] Registering commands...
[21:03:35] [Server thread/INFO]: [LoginSecurity] Registering listeners...
[21:03:35] [Server thread/INFO]: [LoginSecurity] Using 1.12+ map captcha renderer
[21:03:35] [Server thread/INFO]: [TAB] Enabling TAB v2.9.2
[21:03:35] [Server thread/INFO]: [TAB] Server version: 1.17.1 (v1_17_R1)
[21:03:35] [Server thread/INFO]: [TAB] Enabled in 110ms
[21:03:35] [Server thread/INFO]: [LightCleaner] Enabling LightCleaner v1.17.1-v1
[21:03:35] [Server thread/INFO]: [LightCleaner] LightCleaner version 1.17.1-v1 (build: 117) enabled! (0.103s)
[21:03:35] [Server thread/INFO]: [HolographicDisplays] Enabling HolographicDisplays v2.4.9
[21:03:35] [Server thread/INFO]: [HolographicDisplays] Enabled player relative placeholders with ProtocolLib.
[21:03:35] [Server thread/INFO]: [ServerListPlus] Enabling ServerListPlus v3.4.8*
[21:03:35] [Server thread/INFO]: [ServerListPlus] [Core] Reloading configuration...
[21:03:35] [Server thread/INFO]: [ServerListPlus] [Core] Loaded configuration: ServerStatusConf
[21:03:35] [Server thread/INFO]: [ServerListPlus] [Core] Loaded configuration: PluginConf
[21:03:35] [Server thread/INFO]: [ServerListPlus] [Core] Reloading saved player identities...
[21:03:35] [Server thread/INFO]: [ServerListPlus] Successfully loaded!
[21:03:35] [Server thread/INFO]: [ServerListPlus] ServerListPlus v3.4.8 enabled.
[21:03:35] [Server thread/INFO]: [EssentialsSpawn] Enabling EssentialsSpawn v2.19.0
[21:03:35] [Server thread/INFO]: [EssentialsSpawn] Starting Metrics. Opt-out using the global bStats config.
[21:03:35] [Server thread/INFO]: [ChatManager] Enabling ChatManager v3.7.4
[21:03:36] [Server thread/INFO]: [ChatManager] Hooked into: Essentials v2.19.0
[21:03:36] [Server thread/INFO]: [ChatManager] Hooked into: Vault v1.7.3-b131
[21:03:36] [Server thread/INFO]: [ChatManager] Hooked into: LuckPerms v5.3.61
[21:03:36] [Server thread/INFO]: [ChatManager] Starting Metrics.
[21:03:36] [Server thread/INFO]: =========================
[21:03:36] [Server thread/INFO]: Chat Manager
[21:03:36] [Server thread/INFO]: Version 3.7.4
[21:03:36] [Server thread/INFO]: Author: H1DD3NxN1NJA
[21:03:36] [Server thread/INFO]: =========================
[21:03:36] [Server thread/INFO]: [WorldGuard] Enabling WorldGuard v7.0.5+3827266
[21:03:36] [Server thread/INFO]: [WorldGuard] (BMSTUCraft) TNT ignition is PERMITTED.
[21:03:36] [Server thread/INFO]: [WorldGuard] (BMSTUCraft) Lighters are PERMITTED.
[21:03:36] [Server thread/INFO]: [WorldGuard] (BMSTUCraft) Lava fire is PERMITTED.
[21:03:36] [Server thread/INFO]: [WorldGuard] (BMSTUCraft) Fire spread is UNRESTRICTED.
[21:03:36] [Server thread/INFO]: [WorldGuard] Loaded configuration for world 'BMSTUCraft'
[21:03:36] [Server thread/INFO]: [WorldGuard] (BMSTUCraft_nether) TNT ignition is PERMITTED.
[21:03:36] [Server thread/INFO]: [WorldGuard] (BMSTUCraft_nether) Lighters are PERMITTED.
[21:03:36] [Server thread/INFO]: [WorldGuard] (BMSTUCraft_nether) Lava fire is PERMITTED.
[21:03:36] [Server thread/INFO]: [WorldGuard] (BMSTUCraft_nether) Fire spread is UNRESTRICTED.
[21:03:36] [Server thread/INFO]: [WorldGuard] Loaded configuration for world 'BMSTUCraft_nether'
[21:03:36] [Server thread/INFO]: [WorldGuard] (BMSTUCraft_the_end) TNT ignition is PERMITTED.
[21:03:36] [Server thread/INFO]: [WorldGuard] (BMSTUCraft_the_end) Lighters are PERMITTED.
[21:03:36] [Server thread/INFO]: [WorldGuard] (BMSTUCraft_the_end) Lava fire is PERMITTED.
[21:03:36] [Server thread/INFO]: [WorldGuard] (BMSTUCraft_the_end) Fire spread is UNRESTRICTED.
[21:03:36] [Server thread/INFO]: [WorldGuard] Loaded configuration for world 'BMSTUCraft_the_end'
[21:03:36] [Server thread/INFO]: [WorldGuard] Loading region data...
[21:03:36] [Server thread/INFO]: Starting remote control listener
[21:03:36] [Server thread/INFO]: Thread RCON Listener started
[21:03:36] [Server thread/INFO]: RCON running on 0.0.0.0:25566
[21:03:36] [Server thread/INFO]: Running delayed init tasks
[21:03:36] [Server thread/INFO]: [AsyncWorldEdit] Loading plugins...
[21:03:36] [Server thread/INFO]: [Essentials] Essentials found a compatible payment resolution method: Vault Compatibility Layer (v1.7.3-b131)!
[21:03:36] [Craft Scheduler Thread - 6 - Essentials/INFO]: [Essentials] Fetching version information...
[21:03:36] [Craft Scheduler Thread - 6 - Essentials/INFO]: [Essentials] Update checking disabled in config.
[21:03:36] [Craft Scheduler Thread - 6 - Vault/INFO]: [Vault] Checking for Updates ... 
[21:03:36] [Craft Scheduler Thread - 4 - ServerBackup/INFO]: [ServerBackup] ServerBackup: No updates found. The server is running the latest version.
[21:03:36] [Craft Scheduler Thread - 6 - Vault/INFO]: [Vault] No new version available
[21:03:38] [Server thread/INFO]: Done (53.361s)! For help, type "help"
[21:03:38] [Server thread/INFO]: Timings Reset
[21:06:17] [User Authenticator #1/INFO]: UUID of player Adefe is 751ced2c-2ac0-39f7-a27f-1b414ea348ba
[21:06:18] [Server thread/INFO]: Добро пожаловать на сервер BMSTUCraft Администратор Adefe!
[21:06:18] [Server thread/INFO]: Adefe[/172.18.0.1:41124] logged in with entity id 371 at ([BMSTUCraft]120.5, 99.0, 221.5)
[21:06:41] [Server thread/INFO]: Adefe issued server command: /l 84991471078a
[21:06:45] [Server thread/INFO]: Adefe issued server command: /spawn
[21:09:00] [Server thread/INFO]: Adefe has made the advancement [Stone Age]
[21:09:29] [Server thread/INFO]: Adefe lost connection: Disconnected
[21:09:29] [Server thread/INFO]: Adefe покидает это злачное место
[21:10:56] [User Authenticator #2/INFO]: UUID of player Smurf is 896714be-df25-3851-a9e8-fac0cb931f76
[21:10:56] [Server thread/INFO]: Добро пожаловать на сервер BMSTUCraft Игрок Smurf!
[21:10:56] [Server thread/INFO]: Smurf[/172.18.0.1:41130] logged in with entity id 1105 at ([BMSTUCraft]116.5, 99.0, 227.5)
[21:12:00] [Server thread/INFO]: Smurf lost connection: Disconnected
[21:12:00] [Server thread/INFO]: Smurf покидает это злачное место
