[19:05:00] [main/INFO]: Environment: authHost='https://authserver.mojang.com', accountsHost='https://api.mojang.com', sessionHost='https://sessionserver.mojang.com', servicesHost='https://api.minecraftservices.com', name='PROD'
[19:05:01] [main/INFO]: Reloading ResourceManager: Default, bukkit
[19:05:02] [Worker-Main-1/INFO]: Loaded 7 recipes
[19:05:04] [Server thread/INFO]: Starting minecraft server version 1.17.1
[19:05:04] [Server thread/INFO]: Loading properties
[19:05:04] [Server thread/INFO]: This server is running Paper version git-Paper-233 (MC: 1.17.1) (Implementing API version 1.17.1-R0.1-SNAPSHOT) (Git: 2cd4bcf)
[19:05:04] [Server thread/INFO]: Debug logging is disabled
[19:05:04] [Server thread/INFO]: Server Ping Player Sample Count: 12
[19:05:04] [Server thread/INFO]: Using 4 threads for Netty based IO
[19:05:05] [Server thread/INFO]: Default game type: SURVIVAL
[19:05:05] [Server thread/INFO]: Generating keypair
[19:05:05] [Server thread/INFO]: Starting Minecraft server on *:25565
[19:05:05] [Server thread/INFO]: Using epoll channel type
[19:05:05] [Server thread/INFO]: Paper: Using libdeflate (Linux x86_64) compression from Velocity.
[19:05:05] [Server thread/INFO]: Paper: Using OpenSSL 1.1.x (Linux x86_64) cipher from Velocity.
[19:05:06] [Server thread/ERROR]: [[STDERR] ] org.bukkit.craftbukkit.v1_17_R1.legacy.CraftLegacy Initializing Legacy Material Support. Unless you have legacy plugins and/or data this is a bug!
[19:05:12] [Server thread/WARN]: Legacy plugin ServerBackup v2.4.0 does not specify an api-version.
[19:05:12] [Server thread/INFO]: [[STDOUT] ] org.primesoft.asyncworldedit.LoggerProvider$NullLogger [AsyncWorldEdit] Detected Java 8+, trying to open modules for reflection access...
[19:05:12] [Server thread/INFO]: [AsyncWorldEdit] Injector platform set to: InjectorBukkit
[19:05:12] [Server thread/INFO]: [AsyncWorldEdit] Injecting NMS classes...
[19:05:12] [Server thread/INFO]: [AsyncWorldEdit] Injecting WorldEdit classes...
[19:05:12] [Server thread/WARN]: [WorldEdit] Loaded class org.primesoft.asyncworldedit.injector.injected.util.eventbus.IDispatchableEventBus from AsyncWorldEdit v3.9.1 which is not a depend, softdepend or loadbefore of this plugin.
[19:05:12] [Server thread/INFO]: [AsyncWorldEdit] Injector Enabled
[19:05:12] [Server thread/INFO]: [AsyncWorldEdit] New class factory set to: org.primesoft.asyncworldedit.asyncinjector.async.AsyncClassFactory
[19:05:12] [Server thread/WARN]: Legacy plugin LoginSecurity v3.1 does not specify an api-version.
[19:05:13] [Server thread/WARN]: Legacy plugin ServerListPlus v3.4.8 does not specify an api-version.
[19:05:13] [Server thread/INFO]: [Terra] Loaded addon Terra-Bukkit v1.0.0, by Terra
[19:05:13] [Server thread/INFO]: [LuckPerms] Loading LuckPerms v5.3.61
[19:05:14] [Server thread/INFO]: [ServerBackup] Loading ServerBackup v2.4.0
[19:05:14] [Server thread/INFO]: [Vault] Loading Vault v1.7.3-b131
[19:05:14] [Server thread/INFO]: [GWarp] Loading GWarp v[2.13.0.2]
[19:05:14] [Server thread/INFO]: [ProtocolLib] Loading ProtocolLib v4.7.0
[19:05:16] [Server thread/INFO]: [WorldEdit] Loading WorldEdit v7.2.6+4b2d1e7
[19:05:16] [Server thread/INFO]: Got request to register class com.sk89q.worldedit.bukkit.BukkitServerInterface with WorldEdit [com.sk89q.worldedit.extension.platform.PlatformManager@4b87191d]
[19:05:16] [Server thread/INFO]: [AsyncWorldEdit] Loading AsyncWorldEdit v3.9.1
[19:05:16] [Server thread/INFO]: [AsyncWorldEdit] Plugin installed
[19:05:16] [Server thread/INFO]: [Essentials] Loading Essentials v2.19.0-dev+257-4bee159
[19:05:16] [Server thread/INFO]: [LoginSecurity] Loading LoginSecurity v3.1
[19:05:16] [Server thread/INFO]: [BKCommonLib] Loading BKCommonLib v1.17.1-v1
[19:05:19] [Server thread/WARN]: [REFLECTION] Requirement was not found in net.minecraft.world.level.entity.EntityTickList:
[19:05:19] [Server thread/WARN]: [REFLECTION] Failed to find field private it.unimi.dsi.fastutil.ints.Int2ObjectMap<Entity> active:a; - Alternatives:
[19:05:19] [Server thread/WARN]: [REFLECTION]   - private final io.papermc.paper.util.maplist.IteratorSafeOrderedReferenceSet<Entity> entities;
[19:05:19] [Server thread/WARN]: [REFLECTION] Requirement was not found in net.minecraft.world.level.entity.EntityTickList:
[19:05:19] [Server thread/WARN]: [REFLECTION] Failed to find field private it.unimi.dsi.fastutil.ints.Int2ObjectMap<Entity> passive:b; - Alternatives:
[19:05:19] [Server thread/WARN]: [REFLECTION]   - private final io.papermc.paper.util.maplist.IteratorSafeOrderedReferenceSet<Entity> entities;
[19:05:22] [Server thread/INFO]: [TAB] Loading TAB v2.9.2
[19:05:22] [Server thread/INFO]: [LightCleaner] Loading LightCleaner v1.17.1-v1
[19:05:22] [Server thread/INFO]: [HolographicDisplays] Loading HolographicDisplays v2.4.9
[19:05:22] [Server thread/INFO]: [ServerListPlus] Loading ServerListPlus v3.4.8
[19:05:22] [Server thread/INFO]: [ChatManager] Loading ChatManager v3.7.4
[19:05:22] [Server thread/INFO]: [EssentialsSpawn] Loading EssentialsSpawn v2.19.0-dev+257-4bee159
[19:05:22] [Server thread/INFO]: [Terra] Loading Terra v5.4.1-BETA+efd1665c
[19:05:22] [Server thread/INFO]: [WorldGuard] Loading WorldGuard v7.0.5+3827266
[19:05:22] [Server thread/INFO]: Server permissions file permissions.yml is empty, ignoring it
[19:05:22] [Server thread/INFO]: [LuckPerms] Enabling LuckPerms v5.3.61
[19:05:23] [Server thread/INFO]:         __    
[19:05:23] [Server thread/INFO]:   |    |__)   LuckPerms v5.3.61
[19:05:23] [Server thread/INFO]:   |___ |      Running on Bukkit - Paper
[19:05:23] [Server thread/INFO]: 
[19:05:23] [Server thread/INFO]: [LuckPerms] Loading configuration...
[19:05:23] [Server thread/INFO]: [LuckPerms] Loading storage provider... [H2]
[19:05:24] [Server thread/INFO]: [LuckPerms] Loading internal permission managers...
[19:05:24] [Server thread/INFO]: [LuckPerms] Performing initial data load...
[19:05:24] [Server thread/INFO]: [LuckPerms] Successfully enabled. (took 1689ms)
[19:05:24] [Server thread/INFO]: [Vault] Enabling Vault v1.7.3-b131
[19:05:24] [Server thread/WARN]: [Vault] Loaded class com.earth2me.essentials.api.Economy from Essentials v2.19.0-dev+257-4bee159 which is not a depend, softdepend or loadbefore of this plugin.
[19:05:24] [Server thread/INFO]: [Vault] [Economy] Essentials Economy found: Waiting
[19:05:24] [Server thread/INFO]: [Vault] [Permission] SuperPermissions loaded as backup permission system.
[19:05:24] [Server thread/INFO]: [Vault] Enabled Version 1.7.3-b131
[19:05:24] [Server thread/INFO]: [LuckPerms] Registered Vault permission & chat hook.
[19:05:24] [Server thread/INFO]: [ProtocolLib] Enabling ProtocolLib v4.7.0
[19:05:24] [Server thread/INFO]: [ProtocolLib] Started structure compiler thread.
[19:05:24] [Server thread/INFO]: [WorldEdit] Enabling WorldEdit v7.2.6+4b2d1e7
[19:05:24] [Server thread/INFO]: Registering commands with com.sk89q.worldedit.bukkit.BukkitServerInterface
[19:05:25] [Server thread/INFO]: WEPIF: Vault detected! Using Vault for permissions
[19:05:25] [Server thread/INFO]: Using com.sk89q.worldedit.bukkit.adapter.impl.Spigot_v1_17_R1_2 as the Bukkit adapter
[19:05:26] [Server thread/INFO]: [AsyncWorldEdit] Enabling AsyncWorldEdit v3.9.1
[19:05:26] [Server thread/INFO]: [AsyncWorldEdit] Platform set to Bukkit API
[19:05:26] [Server thread/INFO]: [AsyncWorldEdit] ===================================================================================
[19:05:26] [Server thread/INFO]: [AsyncWorldEdit] =     ___                         _       __           __    ________    ___ __   =
[19:05:26] [Server thread/INFO]: [AsyncWorldEdit] =    /   |  _______  ______  ____| |     / /___  _____/ /___/ / ____/___/ (_) /_  =
[19:05:26] [Server thread/INFO]: [AsyncWorldEdit] =   / /| | / ___/ / / / __ \/ ___/ | /| / / __ \/ ___/ / __  / __/ / __  / / __/  =
[19:05:26] [Server thread/INFO]: [AsyncWorldEdit] =  / ___ |(__  ) /_/ / / / / /__ | |/ |/ / /_/ / /  / / /_/ / /___/ /_/ / / /_    =
[19:05:26] [Server thread/INFO]: [AsyncWorldEdit] = /_/  |_/____/\__, /_/ /_/\___/ |__/|__/\____/_/  /_/\__,_/_____/\__,_/_/\__/    =
[19:05:26] [Server thread/INFO]: [AsyncWorldEdit] =             /____/                                                              =
[19:05:26] [Server thread/INFO]: [AsyncWorldEdit] = Author: SBPrime                                                                 =
[19:05:26] [Server thread/INFO]: [AsyncWorldEdit] =                                ________________                                 =
[19:05:26] [Server thread/INFO]: [AsyncWorldEdit] =                            ___/  free version  \___                             =
[19:05:26] [Server thread/INFO]: [AsyncWorldEdit] ===================================================================================
[19:05:26] [Server thread/INFO]: [AsyncWorldEdit] Initializing WorldEdit.
[19:05:26] [AWE:Cron:undoCleanup/INFO]: [AsyncWorldEdit] Undo cleanup started...
[19:05:26] [AWE:Cron:undoCleanup/INFO]: [AsyncWorldEdit] ...undo cleanup done.
[19:05:26] [Server thread/INFO]: [AsyncWorldEdit] No matching adapter found for Bukkit.v1_17_R1, DirectChunkAPI disabled
[19:05:26] [Server thread/INFO]: [AsyncWorldEdit] PlotMeFix set to class org.primesoft.asyncworldedit.plotme.NullFix.
[19:05:26] [Server thread/INFO]: [AsyncWorldEdit] Enabled
[19:05:26] [Server thread/INFO]: [BKCommonLib] Enabling BKCommonLib v1.17.1-v1
[19:05:26] [Server thread/INFO]: [BKCommonLib] BKCommonLib is running on Paperspigot (git-Paper-233) : v1_17_R1 (Minecraft 1.17.1)
[19:05:26] [Server thread/INFO]: [BKCommonLib.Network] [BKCommonLib] [Network] Now using the ProtocolLib library to provide Packet Listener and Monitor support
[19:05:26] [Thread-13/INFO]: [AsyncWorldEdit] You have the latest version of the plugin.
[19:05:28] [Server thread/INFO]: [BKCommonLib] BKCommonLib isn't a plugin, its a language based on english.
[19:05:28] [Server thread/INFO]: [BKCommonLib] BKCommonLib version 1.17.1-v1 (build: 1105) enabled! (2.032s)
[19:05:28] [Server thread/INFO]: [Terra] Enabling Terra v5.4.1-BETA+efd1665c
[19:05:28] [Server thread/INFO]: [Terra] Running on version V1_17
[19:05:28] [Server thread/INFO]: [Terra] Loading config values
[19:05:28] [Server thread/INFO]: [Terra] DebugLogger: false
[19:05:28] [Server thread/INFO]: [Terra] /home/adefe/Загрузки/new_rapper/plugins/Terra/lang/en_us.yml
[19:05:28] [Server thread/INFO]: [Terra] Loaded language en_us
[19:05:28] [Server thread/INFO]: [Terra] Loading config pack "SANTOPIA"
[19:05:29] [Server thread/INFO]: [Terra] Loaded config pack "SANTOPIA" v1.0.0 by Sancires in 595.006022ms.
[19:05:29] [Server thread/INFO]: [Terra] Loading config pack "CREATIVELANDS"
[19:05:42] [Server thread/INFO]: [Terra] Loaded config pack "CREATIVELANDS" v1.0.0 by Crysillion in 13212.142013ms.
[19:05:42] [Server thread/INFO]: [Terra] Loading config pack "NETHER"
[19:05:42] [Server thread/INFO]: [Terra] Loaded config pack "NETHER" v2.0.0 by dfsek in 35.420196ms.
[19:05:43] [Server thread/INFO]: [Terra] Loading config pack "DEFAULT"
[19:05:44] [Server thread/INFO]: [Terra] Loaded config pack "DEFAULT" v2.0.0 by dfsek in 1859.230683ms.
[19:05:45] [Server thread/WARN]: **** SERVER IS RUNNING IN OFFLINE/INSECURE MODE!
[19:05:45] [Server thread/WARN]: The server will make no attempt to authenticate usernames. Beware.
[19:05:45] [Server thread/WARN]: While this makes the game possible to play without internet access, it also opens up the ability for hackers to connect with any username they choose.
[19:05:45] [Server thread/WARN]: To change this, set "online-mode" to "true" in the server.properties file.
[19:05:45] [Server thread/INFO]: Preparing level "BMSTUCraft"
[19:05:46] [Server thread/INFO]: Preparing start region for dimension minecraft:overworld
[19:05:46] [Server thread/INFO]: Time elapsed: 353 ms
[19:05:46] [Server thread/INFO]: Preparing start region for dimension minecraft:the_nether
[19:05:46] [Server thread/INFO]: Time elapsed: 462 ms
[19:05:46] [Server thread/INFO]: Preparing start region for dimension minecraft:the_end
[19:05:47] [Server thread/INFO]: Time elapsed: 260 ms
[19:05:47] [Server thread/INFO]: [ServerBackup] Enabling ServerBackup v2.4.0*
[19:05:47] [Server thread/INFO]: [ServerBackup] [STDOUT] ServerBackup: Plugin enabled.
[19:05:47] [Server thread/WARN]: Nag author(s): '[Seblii]' of 'ServerBackup' about their usage of System.out/err.print. Please use your plugin's logger instead (JavaPlugin#getLogger).
[19:05:47] [Server thread/INFO]: [ServerBackup] ServerBackup: Searching for updates...
[19:05:47] [Server thread/INFO]: [GWarp] Enabling GWarp v[2.13.0.2]
[19:05:47] [Server thread/INFO]: [GWarp] The Plugin was successfully enabled.
[19:05:47] [Server thread/INFO]: [Essentials] Enabling Essentials v2.19.0-dev+257-4bee159
[19:05:48] [Server thread/INFO]: [Essentials] Attempting to convert old kits in config.yml to new kits.yml
[19:05:48] [Server thread/INFO]: [Essentials] No kits found to migrate.
[19:05:48] [Server thread/INFO]: [Essentials] Loaded 36837 items from items.json.
[19:05:48] [Server thread/INFO]: [Essentials] Using locale ru_RU
[19:05:48] [Server thread/INFO]: [Essentials] ServerListPingEvent: Spigot iterator API
[19:05:48] [Server thread/INFO]: [Essentials] Starting Metrics. Opt-out using the global bStats config.
[19:05:48] [Server thread/INFO]: [Vault] [Economy] Essentials Economy hooked.
[19:05:48] [Server thread/INFO]: [Essentials] Using Vault based permissions (LuckPerms)
[19:05:48] [Server thread/INFO]: [LoginSecurity] Enabling LoginSecurity v3.1*
[19:05:48] [Server thread/INFO]: [LoginSecurity] Loading base translations from "en_us"
[19:05:48] [Server thread/INFO]: [LoginSecurity] Loading specified translations from "en_us"
[19:05:49] [Server thread/INFO]: [LoginSecurity] Registering commands...
[19:05:49] [Server thread/INFO]: [LoginSecurity] Registering listeners...
[19:05:49] [Server thread/INFO]: [LoginSecurity] Using 1.12+ map captcha renderer
[19:05:49] [Server thread/INFO]: [TAB] Enabling TAB v2.9.2
[19:05:49] [Server thread/INFO]: [TAB] Server version: 1.17.1 (v1_17_R1)
[19:05:49] [Server thread/INFO]: [TAB] Enabled in 311ms
[19:05:49] [Server thread/INFO]: [LightCleaner] Enabling LightCleaner v1.17.1-v1
[19:05:49] [Server thread/INFO]: [LightCleaner] LightCleaner version 1.17.1-v1 (build: 117) enabled! (0.184s)
[19:05:49] [Server thread/INFO]: [HolographicDisplays] Enabling HolographicDisplays v2.4.9
[19:05:49] [Server thread/INFO]: [HolographicDisplays] Enabled player relative placeholders with ProtocolLib.
[19:05:49] [Server thread/INFO]: [ServerListPlus] Enabling ServerListPlus v3.4.8*
[19:05:49] [Server thread/INFO]: [ServerListPlus] [Core] Reloading configuration...
[19:05:49] [Server thread/INFO]: [ServerListPlus] [Core] Loaded configuration: ServerStatusConf
[19:05:49] [Server thread/INFO]: [ServerListPlus] [Core] Loaded configuration: PluginConf
[19:05:50] [Server thread/INFO]: [ServerListPlus] [Core] Reloading saved player identities...
[19:05:50] [Server thread/INFO]: [ServerListPlus] Successfully loaded!
[19:05:50] [Server thread/INFO]: [ServerListPlus] ServerListPlus v3.4.8 enabled.
[19:05:50] [Server thread/INFO]: [ChatManager] Enabling ChatManager v3.7.4
[19:05:50] [Server thread/INFO]: [ChatManager] Hooked into: Essentials v2.19.0-dev+257-4bee159
[19:05:50] [Server thread/INFO]: [ChatManager] Hooked into: Vault v1.7.3-b131
[19:05:50] [Server thread/INFO]: [ChatManager] Hooked into: LuckPerms v5.3.61
[19:05:50] [Server thread/INFO]: [ChatManager] Starting Metrics.
[19:05:50] [Server thread/INFO]: =========================
[19:05:50] [Server thread/INFO]: Chat Manager
[19:05:50] [Server thread/INFO]: Version 3.7.4
[19:05:50] [Server thread/INFO]: Author: H1DD3NxN1NJA
[19:05:50] [Server thread/INFO]: =========================
[19:05:50] [Server thread/INFO]: [EssentialsSpawn] Enabling EssentialsSpawn v2.19.0-dev+257-4bee159
[19:05:50] [Server thread/INFO]: [EssentialsSpawn] Starting Metrics. Opt-out using the global bStats config.
[19:05:50] [Server thread/INFO]: [WorldGuard] Enabling WorldGuard v7.0.5+3827266
[19:05:50] [Server thread/INFO]: [WorldGuard] (BMSTUCraft) TNT ignition is PERMITTED.
[19:05:50] [Server thread/INFO]: [WorldGuard] (BMSTUCraft) Lighters are PERMITTED.
[19:05:50] [Server thread/INFO]: [WorldGuard] (BMSTUCraft) Lava fire is PERMITTED.
[19:05:50] [Server thread/INFO]: [WorldGuard] (BMSTUCraft) Fire spread is UNRESTRICTED.
[19:05:50] [Server thread/INFO]: [WorldGuard] Loaded configuration for world 'BMSTUCraft'
[19:05:50] [Server thread/INFO]: [WorldGuard] (BMSTUCraft_nether) TNT ignition is PERMITTED.
[19:05:50] [Server thread/INFO]: [WorldGuard] (BMSTUCraft_nether) Lighters are PERMITTED.
[19:05:50] [Server thread/INFO]: [WorldGuard] (BMSTUCraft_nether) Lava fire is PERMITTED.
[19:05:50] [Server thread/INFO]: [WorldGuard] (BMSTUCraft_nether) Fire spread is UNRESTRICTED.
[19:05:50] [Server thread/INFO]: [WorldGuard] Loaded configuration for world 'BMSTUCraft_nether'
[19:05:50] [Server thread/INFO]: [WorldGuard] (BMSTUCraft_the_end) TNT ignition is PERMITTED.
[19:05:50] [Server thread/INFO]: [WorldGuard] (BMSTUCraft_the_end) Lighters are PERMITTED.
[19:05:50] [Server thread/INFO]: [WorldGuard] (BMSTUCraft_the_end) Lava fire is PERMITTED.
[19:05:50] [Server thread/INFO]: [WorldGuard] (BMSTUCraft_the_end) Fire spread is UNRESTRICTED.
[19:05:50] [Server thread/INFO]: [WorldGuard] Loaded configuration for world 'BMSTUCraft_the_end'
[19:05:50] [Server thread/INFO]: [WorldGuard] Loading region data...
[19:05:51] [Server thread/INFO]: Running delayed init tasks
[19:05:51] [Server thread/INFO]: [AsyncWorldEdit] Loading plugins...
[19:05:51] [Server thread/INFO]: [Essentials] Essentials found a compatible payment resolution method: Vault Compatibility Layer (v1.7.3-b131)!
[19:05:51] [Craft Scheduler Thread - 6 - Essentials/INFO]: [Essentials] Получение информации о версии...
[19:05:51] [Craft Scheduler Thread - 8 - Vault/INFO]: [Vault] Checking for Updates ... 
[19:05:51] [Craft Scheduler Thread - 6 - Essentials/WARN]: [Essentials] Вы отстаете на 3 сборок EssentialsX!
[19:05:51] [Craft Scheduler Thread - 6 - Essentials/WARN]: [Essentials] Скачайте её отсюда: https://essentialsx.net/downloads.html
[19:05:51] [Craft Scheduler Thread - 8 - Vault/INFO]: [Vault] There was an issue attempting to check for the latest version.
[19:05:51] [Craft Scheduler Thread - 8 - Vault/INFO]: [Vault] No new version available
[19:05:51] [Craft Scheduler Thread - 4 - ServerBackup/INFO]: [ServerBackup] ServerBackup: No updates found. The server is running the latest version.
[19:05:51] [Craft Scheduler Thread - 7 - HolographicDisplays/WARN]: [HolographicDisplays] Could not contact BukkitDev to check for updates.
[19:05:53] [Server thread/INFO]: Done (48.814s)! For help, type "help"
[19:05:53] [Server thread/INFO]: Timings Reset
[19:05:56] [Server thread/INFO]: Stopping the server
[19:05:56] [Server thread/INFO]: Stopping server
[19:05:56] [Server thread/INFO]: [WorldGuard] Disabling WorldGuard v7.0.5+3827266
[19:05:56] [Server thread/INFO]: [WorldGuard] Shutting down executor and cancelling any pending tasks...
[19:05:56] [Server thread/INFO]: [Terra] Disabling Terra v5.4.1-BETA+efd1665c
[19:05:56] [Server thread/INFO]: [EssentialsSpawn] Disabling EssentialsSpawn v2.19.0-dev+257-4bee159
[19:05:56] [Server thread/INFO]: [ChatManager] Disabling ChatManager v3.7.4
[19:05:56] [Server thread/INFO]: [ServerListPlus] Disabling ServerListPlus v3.4.8
[19:05:56] [Server thread/INFO]: [ServerListPlus] ServerListPlus v3.4.8 disabled.
[19:05:56] [Server thread/INFO]: [HolographicDisplays] Disabling HolographicDisplays v2.4.9
[19:05:56] [Server thread/INFO]: [LightCleaner] Disabling LightCleaner v1.17.1-v1
[19:05:56] [Server thread/INFO]: [LightCleaner] LightCleaner disabled!
[19:05:56] [Server thread/INFO]: [TAB] Disabling TAB v2.9.2
[19:05:56] [Server thread/INFO]: [TAB] Disabled in 0ms
[19:05:56] [Server thread/INFO]: [BKCommonLib] Disabling BKCommonLib v1.17.1-v1
[19:05:56] [Server thread/INFO]: [LoginSecurity] Disabling LoginSecurity v3.1
[19:05:56] [Server thread/INFO]: [LoginSecurity] Waiting for queued tasks...
[19:05:56] [Server thread/INFO]: [LoginSecurity] ExecutorService shut down, ready to disable.
[19:05:56] [Server thread/INFO]: [Essentials] Disabling Essentials v2.19.0-dev+257-4bee159
[19:05:56] [Server thread/INFO]: [Vault] [Economy] Essentials Economy unhooked.
[19:05:56] [Server thread/INFO]: [AsyncWorldEdit] Disabling AsyncWorldEdit v3.9.1
[19:05:56] [Server thread/INFO]: [AsyncWorldEdit] Unloading plugins...
[19:05:56] [Server thread/INFO]: [AsyncWorldEdit] Disable
[19:05:56] [Server thread/INFO]: [WorldEdit] Disabling WorldEdit v7.2.6+4b2d1e7
[19:05:56] [Server thread/INFO]: Unregistering com.sk89q.worldedit.bukkit.BukkitServerInterface from WorldEdit
[19:05:56] [Server thread/INFO]: [ProtocolLib] Disabling ProtocolLib v4.7.0
[19:05:56] [Server thread/INFO]: [GWarp] Disabling GWarp v[2.13.0.2]
[19:05:56] [Server thread/INFO]: [GWarp] The Plugin was successfully disabled.
[19:05:56] [Server thread/INFO]: [Vault] Disabling Vault v1.7.3-b131
[19:05:56] [Server thread/INFO]: [ServerBackup] Disabling ServerBackup v2.4.0
[19:05:56] [Server thread/INFO]: [ServerBackup] [STDOUT] ServerBackup: Plugin disabled.
[19:05:56] [Server thread/INFO]: [LuckPerms] Disabling LuckPerms v5.3.61
[19:05:56] [Server thread/INFO]: [LuckPerms] Starting shutdown process...
[19:05:56] [Server thread/INFO]: [LuckPerms] Closing storage...
[19:05:56] [Server thread/INFO]: [LuckPerms] Goodbye!
[19:05:56] [Server thread/INFO]: Saving players
[19:05:56] [Server thread/INFO]: Saving worlds
[19:05:56] [Server thread/INFO]: Saving chunks for level 'ServerLevel[BMSTUCraft]'/minecraft:overworld
[19:05:56] [Server thread/INFO]: Saving chunks for level 'ServerLevel[BMSTUCraft_nether]'/minecraft:the_nether
[19:05:56] [Server thread/INFO]: Saving chunks for level 'ServerLevel[BMSTUCraft_the_end]'/minecraft:the_end
[19:05:56] [Server thread/INFO]: ThreadedAnvilChunkStorage (BMSTUCraft): All chunks are saved
[19:05:56] [Server thread/INFO]: ThreadedAnvilChunkStorage (DIM-1): All chunks are saved
[19:05:56] [Server thread/INFO]: ThreadedAnvilChunkStorage (DIM1): All chunks are saved
[19:05:56] [Server thread/INFO]: ThreadedAnvilChunkStorage: All dimensions are saved
[19:05:56] [Server thread/INFO]: Flushing Chunk IO
[19:05:56] [Server thread/INFO]: Closing Thread Pool
[19:05:56] [Server thread/INFO]: Closing Server
